<?xml version="1.0" encoding="UTF-8" ?>
<testsuite failures="0" time="0.002" errors="0" skipped="0" tests="0" name="WeiboCnTest">
  <properties>
    <property name="java.runtime.name" value="Java(TM) SE Runtime Environment"/>
    <property name="sun.boot.library.path" value="C:\software\jdk1.6.0_43\jre\bin"/>
    <property name="java.vm.version" value="20.14-b01"/>
    <property name="java.vm.vendor" value="Sun Microsystems Inc."/>
    <property name="java.vendor.url" value="http://java.sun.com/"/>
    <property name="path.separator" value=";"/>
    <property name="java.vm.name" value="Java HotSpot(TM) 64-Bit Server VM"/>
    <property name="file.encoding.pkg" value="sun.io"/>
    <property name="user.country" value="CN"/>
    <property name="sun.java.launcher" value="SUN_STANDARD"/>
    <property name="sun.os.patch.level" value="Service Pack 1"/>
    <property name="java.vm.specification.name" value="Java Virtual Machine Specification"/>
    <property name="user.dir" value="C:\workspace\spider\dt\biz"/>
    <property name="java.runtime.version" value="1.6.0_43-b01"/>
    <property name="java.awt.graphicsenv" value="sun.awt.Win32GraphicsEnvironment"/>
    <property name="basedir" value="C:\workspace\spider\dt\biz"/>
    <property name="java.endorsed.dirs" value="C:\software\jdk1.6.0_43\jre\lib\endorsed"/>
    <property name="os.arch" value="amd64"/>
    <property name="surefire.real.class.path" value="C:\Users\ADMINI~1\AppData\Local\Temp\surefirebooter2054217636846891041.jar"/>
    <property name="java.io.tmpdir" value="C:\Users\ADMINI~1\AppData\Local\Temp\"/>
    <property name="line.separator" value="
"/>
    <property name="java.vm.specification.vendor" value="Sun Microsystems Inc."/>
    <property name="user.variant" value=""/>
    <property name="os.name" value="Windows 7"/>
    <property name="sun.jnu.encoding" value="GBK"/>
    <property name="java.library.path" value="C:\software\jdk1.6.0_43\jre\bin;C:\Windows\Sun\Java\bin;C:\Windows\system32;C:\Windows;C:\software\Ruby192\bin;C:\software\apache-ant-1.9.0\bin;C:\software\apache-maven-2.2.1\bin;C:\software\jdk1.6.0_43\bin;C:\Windows\system32;C:\Windows;C:\Windows\System32\Wbem;C:\Windows\System32\WindowsPowerShell\v1.0\;C:\Program Files (x86)\Git\cmd;C:\Program Files (x86)\Git\bin;C:\Program Files (x86)\ATI Technologies\ATI.ACE\Core-Static;C:\Program Files\ThinkPad\Bluetooth Software\;C:\Program Files\ThinkPad\Bluetooth Software\syswow64;C:\software\TortoiseSVN\bin;C:\Program Files (x86)\StormII\Codec;C:\Program Files (x86)\StormII;C:\Program Files (x86)\DBank\ClickUp;."/>
    <property name="surefire.test.class.path" value="C:\workspace\spider\dt\biz\target\test-classes;C:\workspace\spider\dt\biz\target\classes;C:\workspace\spider\dt\common\config\target\dt.common.config-1.0-SNAPSHOT.jar;C:\workspace\spider\dt\weibo\target\dt.weibo-1.0-SNAPSHOT.jar;C:\workspace\spider\dt\core\target\dt.core-1.0-SNAPSHOT.jar;c:\m2\repository\com\alibaba\external\jakarta.log4j\1.2.16\jakarta.log4j-1.2.16.jar;c:\m2\repository\com\alibaba\external\jakarta.commons.configuration\1.5\jakarta.commons.configuration-1.5.jar;c:\m2\repository\com\alibaba\external\jakarta.commons.lang\2.4\jakarta.commons.lang-2.4.jar;c:\m2\repository\com\alibaba\external\jakarta.commons.collections\0.0.0\jakarta.commons.collections-0.0.0.jar;c:\m2\repository\com\alibaba\external\jakarta.commons.logging\0.0.0\jakarta.commons.logging-0.0.0.jar;c:\m2\repository\com\alibaba\external\jakarta.commons.codec\0.0.0\jakarta.commons.codec-0.0.0.jar;c:\m2\repository\com\alibaba\external\jakarta.commons.io\1.4\jakarta.commons.io-1.4.jar;c:\m2\repository\com\alibaba\platform\shared\fastjson\1.1.10\fastjson-1.1.10.jar;c:\m2\repository\com\alibaba\external\jakarta.commons.httpclient\3.1\jakarta.commons.httpclient-3.1.jar;c:\m2\repository\com\alibaba\external\misc.javassist\3.9.0.GA\misc.javassist-3.9.0.GA.jar;c:\m2\repository\com\chenjw\external\htmlparser\1.0.0\htmlparser-1.0.0.jar;c:\m2\repository\com\chenjw\external\htmllexer\1.0.0\htmllexer-1.0.0.jar;c:\m2\repository\com\chenjw\external\filterbuilder\1.0.0\filterbuilder-1.0.0.jar;c:\m2\repository\com\chenjw\beancopyutils\1.0.0\beancopyutils-1.0.0.jar;c:\m2\repository\com\chenjw\external\com.baidu.bae.api\1.0.0\com.baidu.bae.api-1.0.0.jar;c:\m2\repository\com\alibaba\external\sourceforge.spring\2.5.6.SEC02\sourceforge.spring-2.5.6.SEC02.jar;c:\m2\repository\com\alibaba\external\sourceforge.cglib\nodep-2.1_3\sourceforge.cglib-nodep-2.1_3.jar;c:\m2\repository\com\alibaba\external\objectweb.asm.attrs\0.0.0\objectweb.asm.attrs-0.0.0.jar;c:\m2\repository\com\alibaba\external\objectweb.asm\0.0.0\objectweb.asm-0.0.0.jar;c:\m2\repository\com\alibaba\external\sourceforge.ibatis\2.3.0\sourceforge.ibatis-2.3.0.jar;c:\m2\repository\com\alibaba\external\jakarta.commons.dbcp\1.4\jakarta.commons.dbcp-1.4.jar;c:\m2\repository\com\alibaba\external\jakarta.commons.pool\1.4\jakarta.commons.pool-1.4.jar;c:\m2\repository\com\alibaba\external\java.servlet\2.4\java.servlet-2.4.jar;c:\m2\repository\com\alibaba\external\jdbc.mysql.mysql-connector\5.1.12\jdbc.mysql.mysql-connector-5.1.12.jar;c:\m2\repository\javax\mail\mail\1.4.3\mail-1.4.3.jar;c:\m2\repository\javax\activation\activation\1.1\activation-1.1.jar;"/>
    <property name="java.specification.name" value="Java Platform API Specification"/>
    <property name="java.class.version" value="50.0"/>
    <property name="sun.management.compiler" value="HotSpot 64-Bit Tiered Compilers"/>
    <property name="os.version" value="6.1"/>
    <property name="user.home" value="C:\Users\Administrator"/>
    <property name="user.timezone" value=""/>
    <property name="java.awt.printerjob" value="sun.awt.windows.WPrinterJob"/>
    <property name="java.specification.version" value="1.6"/>
    <property name="file.encoding" value="GBK"/>
    <property name="user.name" value="Administrator"/>
    <property name="java.class.path" value="C:\workspace\spider\dt\biz\target\test-classes;C:\workspace\spider\dt\biz\target\classes;C:\workspace\spider\dt\common\config\target\dt.common.config-1.0-SNAPSHOT.jar;C:\workspace\spider\dt\weibo\target\dt.weibo-1.0-SNAPSHOT.jar;C:\workspace\spider\dt\core\target\dt.core-1.0-SNAPSHOT.jar;c:\m2\repository\com\alibaba\external\jakarta.log4j\1.2.16\jakarta.log4j-1.2.16.jar;c:\m2\repository\com\alibaba\external\jakarta.commons.configuration\1.5\jakarta.commons.configuration-1.5.jar;c:\m2\repository\com\alibaba\external\jakarta.commons.lang\2.4\jakarta.commons.lang-2.4.jar;c:\m2\repository\com\alibaba\external\jakarta.commons.collections\0.0.0\jakarta.commons.collections-0.0.0.jar;c:\m2\repository\com\alibaba\external\jakarta.commons.logging\0.0.0\jakarta.commons.logging-0.0.0.jar;c:\m2\repository\com\alibaba\external\jakarta.commons.codec\0.0.0\jakarta.commons.codec-0.0.0.jar;c:\m2\repository\com\alibaba\external\jakarta.commons.io\1.4\jakarta.commons.io-1.4.jar;c:\m2\repository\com\alibaba\platform\shared\fastjson\1.1.10\fastjson-1.1.10.jar;c:\m2\repository\com\alibaba\external\jakarta.commons.httpclient\3.1\jakarta.commons.httpclient-3.1.jar;c:\m2\repository\com\alibaba\external\misc.javassist\3.9.0.GA\misc.javassist-3.9.0.GA.jar;c:\m2\repository\com\chenjw\external\htmlparser\1.0.0\htmlparser-1.0.0.jar;c:\m2\repository\com\chenjw\external\htmllexer\1.0.0\htmllexer-1.0.0.jar;c:\m2\repository\com\chenjw\external\filterbuilder\1.0.0\filterbuilder-1.0.0.jar;c:\m2\repository\com\chenjw\beancopyutils\1.0.0\beancopyutils-1.0.0.jar;c:\m2\repository\com\chenjw\external\com.baidu.bae.api\1.0.0\com.baidu.bae.api-1.0.0.jar;c:\m2\repository\com\alibaba\external\sourceforge.spring\2.5.6.SEC02\sourceforge.spring-2.5.6.SEC02.jar;c:\m2\repository\com\alibaba\external\sourceforge.cglib\nodep-2.1_3\sourceforge.cglib-nodep-2.1_3.jar;c:\m2\repository\com\alibaba\external\objectweb.asm.attrs\0.0.0\objectweb.asm.attrs-0.0.0.jar;c:\m2\repository\com\alibaba\external\objectweb.asm\0.0.0\objectweb.asm-0.0.0.jar;c:\m2\repository\com\alibaba\external\sourceforge.ibatis\2.3.0\sourceforge.ibatis-2.3.0.jar;c:\m2\repository\com\alibaba\external\jakarta.commons.dbcp\1.4\jakarta.commons.dbcp-1.4.jar;c:\m2\repository\com\alibaba\external\jakarta.commons.pool\1.4\jakarta.commons.pool-1.4.jar;c:\m2\repository\com\alibaba\external\java.servlet\2.4\java.servlet-2.4.jar;c:\m2\repository\com\alibaba\external\jdbc.mysql.mysql-connector\5.1.12\jdbc.mysql.mysql-connector-5.1.12.jar;c:\m2\repository\javax\mail\mail\1.4.3\mail-1.4.3.jar;c:\m2\repository\javax\activation\activation\1.1\activation-1.1.jar;"/>
    <property name="java.vm.specification.version" value="1.0"/>
    <property name="sun.arch.data.model" value="64"/>
    <property name="java.home" value="C:\software\jdk1.6.0_43\jre"/>
    <property name="sun.java.command" value="C:\Users\ADMINI~1\AppData\Local\Temp\surefirebooter2054217636846891041.jar C:\Users\ADMINI~1\AppData\Local\Temp\surefire8751260939367057897tmp C:\Users\ADMINI~1\AppData\Local\Temp\surefire2996356535614329224tmp"/>
    <property name="java.specification.vendor" value="Sun Microsystems Inc."/>
    <property name="user.language" value="zh"/>
    <property name="awt.toolkit" value="sun.awt.windows.WToolkit"/>
    <property name="java.vm.info" value="mixed mode"/>
    <property name="java.version" value="1.6.0_43"/>
    <property name="java.ext.dirs" value="C:\software\jdk1.6.0_43\jre\lib\ext;C:\Windows\Sun\Java\lib\ext"/>
    <property name="sun.boot.class.path" value="C:\software\jdk1.6.0_43\jre\lib\resources.jar;C:\software\jdk1.6.0_43\jre\lib\rt.jar;C:\software\jdk1.6.0_43\jre\lib\sunrsasign.jar;C:\software\jdk1.6.0_43\jre\lib\jsse.jar;C:\software\jdk1.6.0_43\jre\lib\jce.jar;C:\software\jdk1.6.0_43\jre\lib\charsets.jar;C:\software\jdk1.6.0_43\jre\lib\modules\jdk.boot.jar;C:\software\jdk1.6.0_43\jre\classes"/>
    <property name="java.vendor" value="Sun Microsystems Inc."/>
    <property name="localRepository" value="c://m2/repository"/>
    <property name="file.separator" value="\"/>
    <property name="java.vendor.url.bug" value="http://java.sun.com/cgi-bin/bugreport.cgi"/>
    <property name="sun.cpu.endian" value="little"/>
    <property name="sun.io.unicode.encoding" value="UnicodeLittle"/>
    <property name="sun.desktop" value="windows"/>
    <property name="sun.cpu.isalist" value="amd64"/>
  </properties>
</testsuite>